2016080200
2016080300
2016080400
2016080500
2016080600
2016080700
2016080800
2016080900
2016081000
2016081100
2016081200
2016081300
2016081400
2016081500
2016081600
2016081700
2016081800
2016081900
2016082000
2016082100
2016082200
2016082300
2016082400
2016082500
2016082600
2016082700
2016082800
2016082900
2016083000
2016083100
2016090100
2016080200
2016080300
2016080400
2016080500
2016080600
2016080700
2016080800
2016080900
2016081000
2016081100
2016081200
2016081300
2016081400
2016081500
2016081600
2016081700
2016081800
2016081900
2016082000
2016082100
2016082200
2016082300
2016082400
2016082500
2016082600
2016082700
2016082800
2016082900
2016083000
2016083100
2016090100
