Page 1           Source Listing                  IADDATE
2022-06-06 19:39                                 /u/yan.luo/save/plot_cqpf/sorc/IADDATE.f

      1 C-----------------------------------------------------------------------
      2       SUBROUTINE IADDATE(IDATE,IHOUR,JDATE)
      3       DIMENSION   MON(12)
      4       DATA MON/31,28,31,30,31,30,31,31,30,31,30,31/
      5 C-----------------------------------------------------------------------
      6       IC = MOD(IDATE/100000000,100 )
      7       IY = MOD(IDATE/1000000,100 )
      8       IM = MOD(IDATE/10000  ,100 )
      9       ID = MOD(IDATE/100    ,100 )
     10       IHR= MOD(IDATE        ,100 ) + IHOUR
     11 C
     12       IF(MOD(IY,4).EQ.0) MON(2) = 29
     13 1     IF(IHR.LT.0) THEN
     14        IHR = IHR+24
     15        ID = ID-1
     16        IF(ID.EQ.0) THEN
     17         IM = IM-1
     18         IF(IM.EQ.0) THEN
     19          IM = 12
     20          IY = IY-1
     21          IF(IY.LT.0) IY = 99
     22         ENDIF
     23         ID = MON(IM)
     24        ENDIF
     25        GOTO 1
     26       ELSEIF(IHR.GE.24) THEN
     27        IHR = IHR-24
     28        ID = ID+1
     29        IF(ID.GT.MON(IM)) THEN
     30         ID = 1
     31         IM = IM+1
     32         IF(IM.GT.12) THEN
     33          IM = 1
     34          IY = MOD(IY+1,100)
     35         ENDIF
     36        ENDIF
     37        GOTO 1
     38       ENDIF
     39       JDATE = IC*100000000 + IY*1000000 + IM*10000 + ID*100 + IHR
     40       RETURN
     41       END

Page 2           Source Listing                  IADDATE
2022-06-06 19:39 Entry Points                    /u/yan.luo/save/plot_cqpf/sorc/IADDATE.f



ENTRY POINTS

  Name                
                      
 iaddate_             


SYMBOL CROSS REFERENCE

 Name                       Object Declared Type            Bytes Dimen Elements Attributes       References                        
                                                                                                                                    
 1                          Label  13                                                             25,37                             
 IADDATE                    Subr   2                                                                                                
 IC                         Local  6        I(4)            4           scalar                    6,39                              
 ID                         Local  9        I(4)            4           scalar                    9,15,16,23,28,29,30,39            
 IDATE                      Dummy  2        I(4)            4           scalar   ARG,INOUT        6,7,8,9,10                        
 IHOUR                      Dummy  2        I(4)            4           scalar   ARG,INOUT        10                                
 IHR                        Local  10       I(4)            4           scalar                    10,13,14,26,27,39                 
 IM                         Local  8        I(4)            4           scalar                    8,17,18,19,23,29,31,32,33,39      
 IY                         Local  7        I(4)            4           scalar                    7,12,20,21,34,39                  
 JDATE                      Dummy  2        I(4)            4           scalar   ARG,INOUT        39                                
 MOD                        Func   6                                    scalar                    6,7,8,9,10,12,34                  
 MON                        Local  3        I(4)            4     1     12                        4,12,23,29                        

Page 3           Source Listing                  IADDATE
2022-06-06 19:39 Subprograms/Common Blocks       /u/yan.luo/save/plot_cqpf/sorc/IADDATE.f



SUBPROGRAMS/COMMON BLOCKS

 Name                       Object Declared Type            Bytes Dimen Elements Attributes       References                        
                                                                                                                                    
 IADDATE                    Subr   2                                                                                                

COMPILER OPTIONS BEING USED

       -align noall                          -align nonone
       -align nocommons                      -align nodcommons
       -align noqcommons                     -align nozcommons
       -align records                        -align nosequence
       -align norec1byte                     -align norec2byte
       -align norec4byte                     -align norec8byte
       -align norec16byte                    -align norec32byte
       -align norec64byte                    -align noarray8byte
       -align noarray16byte                  -align noarray32byte
       -align noarray64byte                  -align noarray128byte
       -align noarray256byte                 -altparam
       -assume accuracy_sensitive            -assume nobscc
       -assume nobuffered_io                 -assume nobuffered_stdout
       -assume byterecl                      -assume nocontiguous_assumed_shape
       -assume nocontiguous_pointer          -assume nocc_omp
       -assume nocstring                     -assume nodummy_aliases
       -assume nofpe_summary                 -assume noieee_fpe_flags
       -assume nominus0                      -assume noold_boz
       -assume old_complex_align             -assume old_unit_star
       -assume old_inquire_recl              -assume old_ldout_format
       -assume old_ldout_zero                -assume noold_logical_assign
       -assume noold_logical_ldio            -assume old_maxminloc
       -assume old_xor                       -assume noprotect_allocates
       -assume protect_constants             -assume noprotect_parens
       -assume split_common                  -assume source_include
       -assume nostd_intent_in               -assume std_minus0_rounding
       -assume nostd_mod_proc_name           -assume std_value
       -assume realloc_lhs                   -assume underscore
       -assume no2underscores                -assume norecursion
  no   -auto                                 -auto_scalar
  no   -bintext                              -ccdefault default
       -check noarg_temp_created             -check noassume
       -check nobounds                       -check nocontiguous
       -check noformat                       -check nooutput_conversion
       -check nooverflow                     -check nopointers
       -check noshape                        -check nostack
       -check nouninitialized                -check noudio_iostat
       -coarray-num-procs 0             no   -coarray-config-file
       -convert big_endian                   -cross_reference
       -D __INTEL_COMPILER=1910              -D __INTEL_COMPILER_UPDATE=3
       -D __unix__                           -D __unix
       -D __linux__                          -D __linux
       -D __gnu_linux__                      -D unix
       -D linux                              -D __ELF__
       -D __x86_64                           -D __x86_64__
       -D __amd64                            -D __amd64__
       -D __INTEL_COMPILER_BUILD_DATE=20200925       -D __INTEL_OFFLOAD

Page 4           Source Listing                  IADDATE
2022-06-06 19:39                                 /u/yan.luo/save/plot_cqpf/sorc/IADDATE.f

       -D __MMX__                            -D __SSE__
       -D __SSE_MATH__                       -D __SSE2__
       -D __SSE2_MATH__                      -D __SSE3__
       -D __SSSE3__                          -D __SSE4_1__
       -D __SSE4_2__                         -D __POPCNT__
       -D __PCLMUL__                         -D __AES__
       -D __AVX__                            -D __F16C__
       -D __AVX_I__                          -D __RDRND__
       -D __FMA__                            -D __FP_FAST_FMA
       -D __FP_FAST_FMAF                     -D __BMI__
       -D __LZCNT__                          -D __AVX2__
       -D __haswell                          -D __haswell__
       -D __tune_haswell__                   -D __core_avx2
       -D __core_avx2__                      -D __tune_core_avx2__
       -D __CRAY_X86_ROME                    -D __CRAYXT_COMPUTE_LINUX_TARGET
       -double_size 64                  no   -d_lines
  no   -Qdyncom                              -error_limit 30
  no   -f66                             no   -f77rtl
  no   -fast                                 -fpscomp nofilesfromcmd
       -fpscomp nogeneral                    -fpscomp noioformat
       -fpscomp noldio_spacing               -fpscomp nologicals
       -fixed                           no   -fpconstant
       -fpe3                                 -fprm nearest
  no   -ftz                                  -fp_model noprecise
       -fp_model fast                        -fp_model nostrict
       -fp_model nosource                    -fp_model nodouble
       -fp_model noextended                  -fp_model novery_fast
       -fp_model noexcept                    -fp_model nono_except
       -heap_arrays 0                   no   -threadprivate_compat
       -g2                                   -iface nomixed_str_len_arg
       -iface nono_mixed_str_len_arg         -init noarrays
       -init nohuge                          -init noinfinity
       -init nominus_huge                    -init nominus_infinity
       -init nominus_tiny                    -init nonan
       -init nosnan                          -init notiny
       -init nozero                     no   -intconstant
       -integer_size 32                 no   -mixed_str_len_arg
  no   -module                               -names lowercase
  no   -noinclude                       no   -o
       -offload-build=host                   -openmp-simd
       -O2                              no   -pad_source
       -real_size 32                    no   -recursive
       -reentrancy threaded                  -vec=simd
       -show nofullpath                      -show noinclude
       -show map                             -show options
  no   -syntax_only                     no   -threadcom
  no   -U                               no   -vms
       -w noall                              -w nonone
       -w alignments                         -w nodeclarations
       -w noexternals                        -w general
       -w noignore_bounds                    -w noignore_loc
       -w nointerfaces                       -w noshape
       -w notruncated_source                 -w uncalled
       -w uninitialized                      -w nounused
       -w usage                         no   -wrap-margins

       -includepath : /pe/intel/compilers_and_libraries_2020.4.304/linux/pstl/include/,/pe/intel/compilers_and_libraries_2020.4.304/linux/compiler/include/,

Page 5           Source Listing                  IADDATE
2022-06-06 19:39                                 /u/yan.luo/save/plot_cqpf/sorc/IADDATE.f

           .f90,/u/yan.luo/save/plot_cqpf/sorc/.f90,./.f90,/pe/intel/compilers_and_libraries_2020.4.304/linux/ipp/include/.f90,
           /pe/intel/compilers_and_libraries_2020.4.304/linux/mkl/include/.f90,/pe/intel/compilers_and_libraries_2020.4.304/linux/pstl/include/.f90,
           /pe/intel/compilers_and_libraries_2020.4.304/linux/pstl/stdlib/.f90,/pe/intel/compilers_and_libraries_2020.4.304/linux/tbb/include/.f90,
           /pe/intel/compilers_and_libraries_2020.4.304/linux/compiler/include/intel64/.f90,/pe/intel/compilers_and_libraries_2020.4.304/linux/compiler/include/icc/.f90,
           /pe/intel/compilers_and_libraries_2020.4.304/linux/compiler/include/.f90,/usr/lib64/gcc/x86_64-suse-linux/7/include/.f90,
           /usr/lib64/gcc/x86_64-suse-linux/7/include-fixed/.f90,/usr/include/.f90,/usr/include/.f90,/usr/include/.f90
       -list filename : IADDATE.lst
  no   -o

COMPILER: Intel(R) Fortran 19.1-1655
